<?xml version="1.0" encoding="UTF-8"?>
<testng-results ignored="0" total="1" passed="1" failed="0" skipped="0">
  <reporter-output>
  </reporter-output>
  <suite started-at="2020-10-08T13:44:16 IST" name="Default suite" finished-at="2020-10-08T13:44:22 IST" duration-ms="5911">
    <groups>
    </groups>
    <test started-at="2020-10-08T13:44:16 IST" name="Default test" finished-at="2020-10-08T13:44:22 IST" duration-ms="5911">
      <class name="StepDefinitions.Login">
        <test-method signature="rates_API_for_Latest_Foreign_Exchange_rates()[pri:0, instance:StepDefinitions.Login@c190071c]" started-at="2020-10-08T13:44:16 IST" name="rates_API_for_Latest_Foreign_Exchange_rates" finished-at="2020-10-08T13:44:22 IST" duration-ms="5812" status="PASS">
          <reporter-output>
          </reporter-output>
        </test-method> <!-- rates_API_for_Latest_Foreign_Exchange_rates -->
      </class> <!-- StepDefinitions.Login -->
    </test> <!-- Default test -->
  </suite> <!-- Default suite -->
</testng-results>
